C:\Program Files\Microsoft Visual Studio\2022\Community\MSBuild\Microsoft\VC\v170\Microsoft.CppBuild.targets(517,5): warning MSB8028: The intermediate directory (C:\dev\TDE\BinInt\x64-Release\) contains files shared from another project (DunnSandbox.vcxproj).  This can lead to incorrect clean and rebuild behavior.
  Scanning sources for module dependencies...
  Application.cpp
C:\dev\TDE\DunnEngine\Source\Application.cpp(35,81): warning C4244: 'argument': conversion from 'unsigned int' to 'T', possible loss of data
          with
          [
              T=float
          ]
C:\dev\TDE\DunnEngine\Source\Application.cpp(35,63): warning C4244: 'argument': conversion from 'unsigned int' to 'T', possible loss of data
          with
          [
              T=float
          ]
C:\dev\TDE\DunnEngine\Source\Application.cpp(38,78): warning C4244: 'argument': conversion from 'T' to 'float', possible loss of data
          with
          [
              T=unsigned int
          ]
C:\dev\TDE\DunnEngine\Source\Application.cpp(38,54): warning C4244: 'argument': conversion from 'T' to 'float', possible loss of data
          with
          [
              T=unsigned int
          ]
winmm.lib(WINMM.dll) : warning LNK4006: __NULL_IMPORT_DESCRIPTOR already defined in opengl32.lib(OPENGL32.dll); second definition ignored
gdi32.lib(GDI32.dll) : warning LNK4006: __NULL_IMPORT_DESCRIPTOR already defined in opengl32.lib(OPENGL32.dll); second definition ignored
vorbis.lib(vorbisenc.obj) : warning LNK4006: vorbis_encode_init already defined in vorbisenc.lib(vorbisenc.obj); second definition ignored
vorbis.lib(vorbisenc.obj) : warning LNK4006: vorbis_encode_setup_managed already defined in vorbisenc.lib(vorbisenc.obj); second definition ignored
vorbis.lib(vorbisenc.obj) : warning LNK4006: vorbis_encode_setup_vbr already defined in vorbisenc.lib(vorbisenc.obj); second definition ignored
vorbis.lib(vorbisenc.obj) : warning LNK4006: vorbis_encode_init_vbr already defined in vorbisenc.lib(vorbisenc.obj); second definition ignored
vorbis.lib(vorbisenc.obj) : warning LNK4006: vorbis_encode_setup_init already defined in vorbisenc.lib(vorbisenc.obj); second definition ignored
vorbis.lib(vorbisenc.obj) : warning LNK4006: vorbis_encode_ctl already defined in vorbisenc.lib(vorbisenc.obj); second definition ignored
  DunnEngine.vcxproj -> C:\dev\TDE\Bin\x64-Release\DunnEngine.lib
